#
# There is insufficient memory for the Java Runtime Environment to continue.
# Native memory allocation (malloc) failed to allocate 1286896 bytes for Chunk::new
# Possible reasons:
#   The system is out of physical RAM or swap space
#   The process is running with CompressedOops enabled, and the Java Heap may be blocking the growth of the native heap
# Possible solutions:
#   Reduce memory load on the system
#   Increase physical memory or swap space
#   Check if swap backing store is full
#   Decrease Java heap size (-Xmx/-Xms)
#   Decrease number of Java threads
#   Decrease Java thread stack sizes (-Xss)
#   Set larger code cache with -XX:ReservedCodeCacheSize=
#   JVM is running with Unscaled Compressed Oops mode in which the Java heap is
#     placed in the first 4GB address space. The Java Heap base address is the
#     maximum limit for the native heap growth. Please use -XX:HeapBaseMinAddress
#     to set the Java Heap base and to place the Java Heap above 4GB virtual address.
# This output file may be truncated or incomplete.
#
#  Out of Memory Error (allocation.cpp:389), pid=1224668, tid=0x000000000012ac38
#
# JRE version: OpenJDK Runtime Environment (8.0_242-b01) (build 1.8.0_242-release-1644-b01)
# Java VM: OpenJDK 64-Bit Server VM (25.242-b01 mixed mode windows-amd64 compressed oops)
# Failed to write core dump. Minidumps are not enabled by default on client versions of Windows
#

---------------  T H R E A D  ---------------

Current thread (0x0000000017395000):  JavaThread "C2 CompilerThread0" daemon [_thread_in_native, id=1223736, stack(0x00000000189f0000,0x0000000018af0000)]

Stack: [0x00000000189f0000,0x0000000018af0000]
[error occurred during error reporting (printing stack bounds), id 0xc0000005]

Native frames: (J=compiled Java code, j=interpreted, Vv=VM code, C=native code)


Current CompileTask:
C2: 467164 14525 %     4       com.android.tools.r8.ir.regalloc.a::a @ 683 (1761 bytes)


---------------  P R O C E S S  ---------------

Java Threads: ( => current thread )
  0x00000000200c9800 JavaThread "stdout" [_thread_in_native, id=1228900, stack(0x000000002e3d0000,0x000000002e4d0000)]
  0x00000000200c5800 JavaThread "stderr" [_thread_in_native, id=1228896, stack(0x000000002e2d0000,0x000000002e3d0000)]
  0x00000000200c2000 JavaThread "pool-4-thread-1" [_thread_blocked, id=1228864, stack(0x000000002e1d0000,0x000000002e2d0000)]
  0x00000000200c8000 JavaThread "WorkerExecutor Queue Thread 2" [_thread_blocked, id=1228860, stack(0x000000002e0d0000,0x000000002e1d0000)]
  0x00000000200c8800 JavaThread "WorkerExecutor Queue" [_thread_blocked, id=1228852, stack(0x000000002dfd0000,0x000000002e0d0000)]
  0x00000000200c4000 JavaThread "Cache worker for execution history cache (C:\Users\sunpe\AndroidStudioProjects\MyApplication2\.gradle\6.5\executionHistory)" [_thread_blocked, id=1218852, stack(0x000000002dcd0000,0x000000002ddd0000)]
  0x0000000019375800 JavaThread "Execution worker for ':' Thread 3" [_thread_blocked, id=1225784, stack(0x000000002dbd0000,0x000000002dcd0000)]
  0x000000001937a800 JavaThread "Execution worker for ':' Thread 2" [_thread_blocked, id=1189972, stack(0x000000002dad0000,0x000000002dbd0000)]
  0x0000000019378800 JavaThread "Execution worker for ':'" [_thread_blocked, id=14844, stack(0x000000002d9d0000,0x000000002dad0000)]
  0x0000000019376000 JavaThread "Cache worker for file content cache (C:\Users\sunpe\AndroidStudioProjects\MyApplication2\.gradle\6.5\fileContent)" [_thread_blocked, id=1227176, stack(0x000000002d8d0000,0x000000002d9d0000)]
  0x000000001937b800 JavaThread "Cache worker for Build Output Cleanup Cache (C:\Users\sunpe\AndroidStudioProjects\MyApplication2\.gradle\buildOutputCleanup)" [_thread_blocked, id=1228132, stack(0x000000002d5d0000,0x000000002d6d0000)]
  0x000000001e8a6000 JavaThread "Build operations Thread 4" [_thread_in_Java, id=1228364, stack(0x0000000021e30000,0x0000000021f30000)]
  0x000000001e8a7000 JavaThread "Build operations Thread 3" [_thread_blocked, id=353456, stack(0x0000000021d30000,0x0000000021e30000)]
  0x000000001e19e800 JavaThread "Build operations Thread 2" [_thread_blocked, id=1228380, stack(0x0000000021530000,0x0000000021630000)]
  0x000000001e19e000 JavaThread "Build operations" [_thread_blocked, id=1200140, stack(0x0000000020d30000,0x0000000020e30000)]
  0x000000001e19d000 JavaThread "Cache worker for cache directory md-rule (C:\Users\sunpe\.gradle\caches\6.5\md-rule)" [_thread_blocked, id=1228332, stack(0x0000000020c30000,0x0000000020d30000)]
  0x000000001e19c800 JavaThread "Cache worker for cache directory md-supplier (C:\Users\sunpe\.gradle\caches\6.5\md-supplier)" [_thread_blocked, id=1227360, stack(0x000000001f8b0000,0x000000001f9b0000)]
  0x000000001e19a000 JavaThread "Cache worker for checksums cache (C:\Users\sunpe\AndroidStudioProjects\MyApplication2\.gradle\checksums)" [_thread_blocked, id=326308, stack(0x000000001f7b0000,0x000000001f8b0000)]
  0x000000001e19f800 JavaThread "Cache worker for file hash cache (C:\Users\sunpe\AndroidStudioProjects\MyApplication2\.gradle\6.5\fileHashes)" [_thread_blocked, id=1228212, stack(0x000000001ce10000,0x000000001cf10000)]
  0x000000001e198800 JavaThread "Thread-131" [_thread_blocked, id=1227840, stack(0x000000001cd10000,0x000000001ce10000)]
  0x000000001e191000 JavaThread "Asynchronous log dispatcher for DefaultDaemonConnection: socket connection from /127.0.0.1:61806 to /127.0.0.1:61984" [_thread_blocked, id=1227960, stack(0x000000001cb10000,0x000000001cc10000)]
  0x000000001e195000 JavaThread "Daemon worker Thread 2" [_thread_blocked, id=1228672, stack(0x000000001ca10000,0x000000001cb10000)]
  0x000000001e197000 JavaThread "Cancel handler" [_thread_blocked, id=1228488, stack(0x000000001c910000,0x000000001ca10000)]
  0x000000001e194000 JavaThread "Handler for socket connection from /127.0.0.1:61806 to /127.0.0.1:61984" [_thread_in_native, id=1225980, stack(0x000000001c810000,0x000000001c910000)]
  0x000000001e193800 JavaThread "Daemon Thread 2" [_thread_blocked, id=1228704, stack(0x00000000007d0000,0x00000000008d0000)]
  0x000000001e75f800 JavaThread "Memory manager" [_thread_blocked, id=1228748, stack(0x0000000029030000,0x0000000029130000)]
  0x0000000018ee8000 JavaThread "Cache worker for file content cache (C:\Users\sunpe\.gradle\caches\6.5\fileContent)" [_thread_blocked, id=1226756, stack(0x0000000021630000,0x0000000021730000)]
  0x0000000018ee6000 JavaThread "Cache worker for execution history cache (C:\Users\sunpe\.gradle\caches\6.5\executionHistory)" [_thread_blocked, id=1209572, stack(0x0000000020e30000,0x0000000020f30000)]
  0x0000000018eea800 JavaThread "Cache worker for file hash cache (C:\Users\sunpe\.gradle\caches\6.5\fileHashes)" [_thread_blocked, id=1151444, stack(0x000000001d310000,0x000000001d410000)]
  0x0000000018ee7800 JavaThread "File lock request listener" [_thread_in_native, id=1221876, stack(0x000000001d210000,0x000000001d310000)]
  0x0000000018ef4800 JavaThread "Cache worker for journal cache (C:\Users\sunpe\.gradle\caches\journal-1)" [_thread_blocked, id=1227612, stack(0x000000001d110000,0x000000001d210000)]
  0x000000001ad6c800 JavaThread "Daemon periodic checks" [_thread_blocked, id=356688, stack(0x000000001c510000,0x000000001c610000)]
  0x000000001ad6b000 JavaThread "Incoming local TCP Connector on port 61806" [_thread_in_native, id=350680, stack(0x000000001c2d0000,0x000000001c3d0000)]
  0x000000001acca800 JavaThread "Daemon health stats" [_thread_blocked, id=1221760, stack(0x000000001bc90000,0x000000001bd90000)]
  0x0000000018d22800 JavaThread "Service Thread" daemon [_thread_blocked, id=1227344, stack(0x00000000190f0000,0x00000000191f0000)]
  0x00000000173aa800 JavaThread "C1 CompilerThread2" daemon [_thread_in_vm, id=1152108, stack(0x0000000018bf0000,0x0000000018cf0000)]
  0x000000001739b000 JavaThread "C2 CompilerThread1" daemon [_thread_in_native, id=1201108, stack(0x0000000018af0000,0x0000000018bf0000)]
=>0x0000000017395000 JavaThread "C2 CompilerThread0" daemon [_thread_in_native, id=1223736, stack(0x00000000189f0000,0x0000000018af0000)]
  0x0000000017393800 JavaThread "Attach Listener" daemon [_thread_blocked, id=1227376, stack(0x00000000188f0000,0x00000000189f0000)]
  0x0000000017390000 JavaThread "Signal Dispatcher" daemon [_thread_blocked, id=1227316, stack(0x00000000187f0000,0x00000000188f0000)]
  0x000000000269b000 JavaThread "Finalizer" daemon [_thread_blocked, id=1227560, stack(0x00000000185f0000,0x00000000186f0000)]
  0x0000000017379000 JavaThread "Reference Handler" daemon [_thread_blocked, id=1226368, stack(0x00000000184f0000,0x00000000185f0000)]
  0x000000000276d800 JavaThread "main" [_thread_blocked, id=1150592, stack(0x0000000002440000,0x0000000002540000)]

Other Threads:
  0x0000000017356000 VMThread [stack: 0x00000000183f0000,0x00000000184f0000] [id=1152468]
  0x0000000018d2b000 WatcherThread [stack: 0x00000000191f0000,0x00000000192f0000] [id=1227340]

VM state:not at safepoint (normal execution)

VM Mutex/Monitor currently owned by a thread:  ([mutex/lock_event])
[0x000000000276c110] CodeCache_lock - owner thread: 0x00000000173aa800

OutOfMemory and StackOverflow Exception counts:
OutOfMemoryError java_heap_errors=1

heap address: 0x0000000080000000, size: 2048 MB, Compressed Oops mode: 32-bit
Narrow klass base: 0x0000000000000000, Narrow klass shift: 3
Compressed class space size: 1073741824 Address: 0x0000000100000000

Heap:
 PSYoungGen      total 408576K, used 139299K [0x00000000d5580000, 0x00000000f0b00000, 0x0000000100000000)
  eden space 386048K, 30% used [0x00000000d5580000,0x00000000dc79f9e0,0x00000000ece80000)
  from space 22528K, 99% used [0x00000000ef500000,0x00000000f0ae92c8,0x00000000f0b00000)
  to   space 29184K, 0% used [0x00000000ed200000,0x00000000ed200000,0x00000000eee80000)
 ParOldGen       total 108032K, used 60396K [0x0000000080000000, 0x0000000086980000, 0x00000000d5580000)
  object space 108032K, 55% used [0x0000000080000000,0x0000000083afb368,0x0000000086980000)
 Metaspace       used 84225K, capacity 88480K, committed 90008K, reserved 1126400K
  class space    used 11186K, capacity 11985K, committed 12464K, reserved 1048576K

Card table byte_map: [0x0000000011b30000,0x0000000011f40000] byte_map_base: 0x0000000011730000

Marking Bits: (ParMarkBitMap*) 0x0000000063a3f030
 Begin Bits: [0x00000000125f0000, 0x00000000145f0000)
 End Bits:   [0x00000000145f0000, 0x00000000165f0000)

Polling page: 0x0000000000c10000

CodeCache: size=245760Kb used=39355Kb max_used=39399Kb free=206405Kb
 bounds [0x0000000002770000, 0x0000000004e30000, 0x0000000011770000]
 total_blobs=12627 nmethods=11791 adapters=746
 compilation: enabled

Compilation events (10 events):
Event: 463.725 Thread 0x000000001739b000 14522       4       com.android.tools.r8.q.a.a.b.n2::contains (58 bytes)
Event: 463.766 Thread 0x000000001739b000 nmethod 14522 0x0000000003aa8a90 code [0x0000000003aa8be0, 0x0000000003aa8df8]
Event: 463.766 Thread 0x000000001739b000 14529       4       com.android.tools.r8.ir.conversion.F::c (30 bytes)
Event: 463.767 Thread 0x000000001739b000 nmethod 14529 0x0000000003ac0f50 code [0x0000000003ac1080, 0x0000000003ac10d8]
Event: 463.767 Thread 0x000000001739b000 14527       4       java.util.HashMap::putIfAbsent (13 bytes)
Event: 463.825 Thread 0x000000001739b000 nmethod 14527 0x0000000003af5650 code [0x0000000003af57e0, 0x0000000003af5d30]
Event: 463.825 Thread 0x000000001739b000 14523       4       java.util.PriorityQueue::offer (72 bytes)
Event: 463.892 Thread 0x000000001739b000 nmethod 14523 0x0000000003add8d0 code [0x0000000003adda80, 0x0000000003ade0d8]
Event: 463.892 Thread 0x000000001739b000 14528       4       java.util.IdentityHashMap::init (11 bytes)
Event: 463.895 Thread 0x000000001739b000 nmethod 14528 0x0000000003b2d5d0 code [0x0000000003b2d720, 0x0000000003b2d858]

GC Heap History (10 events):
Event: 37.994 GC heap before
{Heap before GC invocations=18 (full 3):
 PSYoungGen      total 223232K, used 9646K [0x00000000d5580000, 0x00000000ea980000, 0x0000000100000000)
  eden space 205824K, 0% used [0x00000000d5580000,0x00000000d5580000,0x00000000e1e80000)
  from space 17408K, 55% used [0x00000000e1e80000,0x00000000e27eb898,0x00000000e2f80000)
  to   space 17408K, 0% used [0x00000000e9880000,0x00000000e9880000,0x00000000ea980000)
 ParOldGen       total 39424K, used 33288K [0x0000000080000000, 0x0000000082680000, 0x00000000d5580000)
  object space 39424K, 84% used [0x0000000080000000,0x0000000082082270,0x0000000082680000)
 Metaspace       used 56760K, capacity 59084K, committed 59160K, reserved 1099776K
  class space    used 7754K, capacity 8223K, committed 8240K, reserved 1048576K
Event: 39.459 GC heap after
Heap after GC invocations=18 (full 3):
 PSYoungGen      total 223232K, used 0K [0x00000000d5580000, 0x00000000ea980000, 0x0000000100000000)
  eden space 205824K, 0% used [0x00000000d5580000,0x00000000d5580000,0x00000000e1e80000)
  from space 17408K, 0% used [0x00000000e1e80000,0x00000000e1e80000,0x00000000e2f80000)
  to   space 17408K, 0% used [0x00000000e9880000,0x00000000e9880000,0x00000000ea980000)
 ParOldGen       total 72704K, used 36551K [0x0000000080000000, 0x0000000084700000, 0x00000000d5580000)
  object space 72704K, 50% used [0x0000000080000000,0x00000000823b1f58,0x0000000084700000)
 Metaspace       used 56760K, capacity 59084K, committed 59160K, reserved 1099776K
  class space    used 7754K, capacity 8223K, committed 8240K, reserved 1048576K
}
Event: 57.987 GC heap before
{Heap before GC invocations=19 (full 3):
 PSYoungGen      total 223232K, used 205824K [0x00000000d5580000, 0x00000000ea980000, 0x0000000100000000)
  eden space 205824K, 100% used [0x00000000d5580000,0x00000000e1e80000,0x00000000e1e80000)
  from space 17408K, 0% used [0x00000000e1e80000,0x00000000e1e80000,0x00000000e2f80000)
  to   space 17408K, 0% used [0x00000000e9880000,0x00000000e9880000,0x00000000ea980000)
 ParOldGen       total 72704K, used 36551K [0x0000000080000000, 0x0000000084700000, 0x00000000d5580000)
  object space 72704K, 50% used [0x0000000080000000,0x00000000823b1f58,0x0000000084700000)
 Metaspace       used 65076K, capacity 68076K, committed 68248K, reserved 1107968K
  class space    used 8958K, capacity 9551K, committed 9648K, reserved 1048576K
Event: 61.498 GC heap after
Heap after GC invocations=19 (full 3):
 PSYoungGen      total 316928K, used 17397K [0x00000000d5580000, 0x00000000eab00000, 0x0000000100000000)
  eden space 299520K, 0% used [0x00000000d5580000,0x00000000d5580000,0x00000000e7a00000)
  from space 17408K, 99% used [0x00000000e9880000,0x00000000ea97d5d8,0x00000000ea980000)
  to   space 25088K, 0% used [0x00000000e7a00000,0x00000000e7a00000,0x00000000e9280000)
 ParOldGen       total 72704K, used 50051K [0x0000000080000000, 0x0000000084700000, 0x00000000d5580000)
  object space 72704K, 68% used [0x0000000080000000,0x00000000830e0c68,0x0000000084700000)
 Metaspace       used 65076K, capacity 68076K, committed 68248K, reserved 1107968K
  class space    used 8958K, capacity 9551K, committed 9648K, reserved 1048576K
}
Event: 144.048 GC heap before
{Heap before GC invocations=20 (full 3):
 PSYoungGen      total 316928K, used 316917K [0x00000000d5580000, 0x00000000eab00000, 0x0000000100000000)
  eden space 299520K, 100% used [0x00000000d5580000,0x00000000e7a00000,0x00000000e7a00000)
  from space 17408K, 99% used [0x00000000e9880000,0x00000000ea97d5d8,0x00000000ea980000)
  to   space 25088K, 0% used [0x00000000e7a00000,0x00000000e7a00000,0x00000000e9280000)
 ParOldGen       total 72704K, used 50051K [0x0000000080000000, 0x0000000084700000, 0x00000000d5580000)
  object space 72704K, 68% used [0x0000000080000000,0x00000000830e0c68,0x0000000084700000)
 Metaspace       used 76897K, capacity 82166K, committed 82328K, reserved 1120256K
  class space    used 10738K, capacity 11668K, committed 11696K, reserved 1048576K
Event: 175.045 GC heap after
Heap after GC invocations=20 (full 3):
 PSYoungGen      total 324608K, used 16597K [0x00000000d5580000, 0x00000000f0e80000, 0x0000000100000000)
  eden space 299520K, 0% used [0x00000000d5580000,0x00000000d5580000,0x00000000e7a00000)
  from space 25088K, 66% used [0x00000000e7a00000,0x00000000e8a35680,0x00000000e9280000)
  to   space 26112K, 0% used [0x00000000ef500000,0x00000000ef500000,0x00000000f0e80000)
 ParOldGen       total 72704K, used 66414K [0x0000000080000000, 0x0000000084700000, 0x00000000d5580000)
  object space 72704K, 91% used [0x0000000080000000,0x00000000840db9e8,0x0000000084700000)
 Metaspace       used 76897K, capacity 82166K, committed 82328K, reserved 1120256K
  class space    used 10738K, capacity 11668K, committed 11696K, reserved 1048576K
}
Event: 175.093 GC heap before
{Heap before GC invocations=21 (full 4):
 PSYoungGen      total 324608K, used 16597K [0x00000000d5580000, 0x00000000f0e80000, 0x0000000100000000)
  eden space 299520K, 0% used [0x00000000d5580000,0x00000000d5580000,0x00000000e7a00000)
  from space 25088K, 66% used [0x00000000e7a00000,0x00000000e8a35680,0x00000000e9280000)
  to   space 26112K, 0% used [0x00000000ef500000,0x00000000ef500000,0x00000000f0e80000)
 ParOldGen       total 72704K, used 66414K [0x0000000080000000, 0x0000000084700000, 0x00000000d5580000)
  object space 72704K, 91% used [0x0000000080000000,0x00000000840db9e8,0x0000000084700000)
 Metaspace       used 76897K, capacity 82166K, committed 82328K, reserved 1120256K
  class space    used 10738K, capacity 11668K, committed 11696K, reserved 1048576K
Event: 188.792 GC heap after
Heap after GC invocations=21 (full 4):
 PSYoungGen      total 324608K, used 0K [0x00000000d5580000, 0x00000000f0e80000, 0x0000000100000000)
  eden space 299520K, 0% used [0x00000000d5580000,0x00000000d5580000,0x00000000e7a00000)
  from space 25088K, 0% used [0x00000000e7a00000,0x00000000e7a00000,0x00000000e9280000)
  to   space 26112K, 0% used [0x00000000ef500000,0x00000000ef500000,0x00000000f0e80000)
 ParOldGen       total 108032K, used 60388K [0x0000000080000000, 0x0000000086980000, 0x00000000d5580000)
  object space 108032K, 55% used [0x0000000080000000,0x0000000083af9368,0x0000000086980000)
 Metaspace       used 76137K, capacity 80108K, committed 82328K, reserved 1120256K
  class space    used 10475K, capacity 11207K, committed 11696K, reserved 1048576K
}
Event: 334.829 GC heap before
{Heap before GC invocations=22 (full 4):
 PSYoungGen      total 324608K, used 299520K [0x00000000d5580000, 0x00000000f0e80000, 0x0000000100000000)
  eden space 299520K, 100% used [0x00000000d5580000,0x00000000e7a00000,0x00000000e7a00000)
  from space 25088K, 0% used [0x00000000e7a00000,0x00000000e7a00000,0x00000000e9280000)
  to   space 26112K, 0% used [0x00000000ef500000,0x00000000ef500000,0x00000000f0e80000)
 ParOldGen       total 108032K, used 60388K [0x0000000080000000, 0x0000000086980000, 0x00000000d5580000)
  object space 108032K, 55% used [0x0000000080000000,0x0000000083af9368,0x0000000086980000)
 Metaspace       used 84064K, capacity 88278K, committed 89880K, reserved 1126400K
  class space    used 11179K, capacity 11950K, committed 12336K, reserved 1048576K
Event: 343.930 GC heap after
Heap after GC invocations=22 (full 4):
 PSYoungGen      total 408576K, used 22436K [0x00000000d5580000, 0x00000000f0b00000, 0x0000000100000000)
  eden space 386048K, 0% used [0x00000000d5580000,0x00000000d5580000,0x00000000ece80000)
  from space 22528K, 99% used [0x00000000ef500000,0x00000000f0ae92c8,0x00000000f0b00000)
  to   space 29184K, 0% used [0x00000000ed200000,0x00000000ed200000,0x00000000eee80000)
 ParOldGen       total 108032K, used 60396K [0x0000000080000000, 0x0000000086980000, 0x00000000d5580000)
  object space 108032K, 55% used [0x0000000080000000,0x0000000083afb368,0x0000000086980000)
 Metaspace       used 84064K, capacity 88278K, committed 89880K, reserved 1126400K
  class space    used 11179K, capacity 11950K, committed 12336K, reserved 1048576K
}

Deoptimization events (10 events):
Event: 359.645 Thread 0x000000001937a800 Uncommon trap: reason=unstable_if action=reinterpret pc=0x0000000004b002a4 method=org.gradle.api.internal.attributes.DefaultCompatibilityRuleChain.execute(Lorg/gradle/api/internal/attributes/CompatibilityCheckResult;)V @ 42
Event: 360.590 Thread 0x000000001937a800 Uncommon trap: reason=unstable_if action=reinterpret pc=0x0000000003274a98 method=org.gradle.api.internal.attributes.DefaultImmutableAttributes.equals(Ljava/lang/Object;)Z @ 2
Event: 362.499 Thread 0x000000001e19e000 Uncommon trap: reason=class_check action=maybe_recompile pc=0x0000000003fbb6ec method=com.google.common.cache.LocalCache$Segment.get(Ljava/lang/Object;I)Ljava/lang/Object; @ 49
Event: 362.546 Thread 0x000000001e8a6000 Uncommon trap: reason=class_check action=maybe_recompile pc=0x0000000003fbb6ec method=com.google.common.cache.LocalCache$Segment.get(Ljava/lang/Object;I)Ljava/lang/Object; @ 49
Event: 362.548 Thread 0x000000001e8a6000 Uncommon trap: reason=class_check action=maybe_recompile pc=0x0000000003fbd9a8 method=com.google.common.cache.LocalCache$Segment.get(Ljava/lang/Object;I)Ljava/lang/Object; @ 49
Event: 365.460 Thread 0x000000001e8a6000 Uncommon trap: reason=unstable_if action=reinterpret pc=0x0000000002d48ac4 method=java.util.concurrent.ConcurrentLinkedQueue.poll()Ljava/lang/Object; @ 25
Event: 365.873 Thread 0x000000001937a800 Uncommon trap: reason=class_check action=maybe_recompile pc=0x0000000004d9f510 method=org.gradle.internal.execution.history.changes.SortedMapDiffUtil.diff(Ljava/util/SortedMap;Ljava/util/SortedMap;Lorg/gradle/internal/execution/history/changes/PropertyDif
Event: 394.328 Thread 0x000000001e19e800 Uncommon trap: reason=unstable_if action=reinterpret pc=0x0000000003fdfda0 method=java.util.concurrent.ConcurrentLinkedQueue.offer(Ljava/lang/Object;)Z @ 91
Event: 462.312 Thread 0x000000001e8a6000 Uncommon trap: reason=unstable_if action=reinterpret pc=0x00000000031f2390 method=java.util.HashMap.getNode(ILjava/lang/Object;)Ljava/util/HashMap$Node; @ 84
Event: 462.819 Thread 0x000000001e8a6000 Uncommon trap: reason=unstable_if action=reinterpret pc=0x00000000044f0678 method=java.util.HashMap.computeIfAbsent(Ljava/lang/Object;Ljava/util/function/Function;)Ljava/lang/Object; @ 271

Classes redefined (0 events):
No events

Internal exceptions (10 events):
Event: 333.070 Thread 0x00000000200c8000 Exception <a 'sun/nio/fs/WindowsException'> (0x00000000e6227f80) thrown at [C:\src\AOSP-openjdk-git\hotspot\src\share\vm\prims\jni.cpp, line 710]
Event: 365.807 Thread 0x000000001937a800 Exception <a 'sun/nio/fs/WindowsException'> (0x00000000d6b6fbf8) thrown at [C:\src\AOSP-openjdk-git\hotspot\src\share\vm\prims\jni.cpp, line 710]
Event: 365.828 Thread 0x000000001937a800 Exception <a 'sun/nio/fs/WindowsException'> (0x00000000d6b708f8) thrown at [C:\src\AOSP-openjdk-git\hotspot\src\share\vm\prims\jni.cpp, line 710]
Event: 365.847 Thread 0x000000001937a800 Exception <a 'sun/nio/fs/WindowsException'> (0x00000000d6b78500) thrown at [C:\src\AOSP-openjdk-git\hotspot\src\share\vm\prims\jni.cpp, line 710]
Event: 365.847 Thread 0x000000001937a800 Exception <a 'sun/nio/fs/WindowsException'> (0x00000000d6b79240) thrown at [C:\src\AOSP-openjdk-git\hotspot\src\share\vm\prims\jni.cpp, line 710]
Event: 365.848 Thread 0x000000001937a800 Exception <a 'sun/nio/fs/WindowsException'> (0x00000000d6b7b218) thrown at [C:\src\AOSP-openjdk-git\hotspot\src\share\vm\prims\jni.cpp, line 710]
Event: 365.849 Thread 0x000000001937a800 Exception <a 'sun/nio/fs/WindowsException'> (0x00000000d6b7bf68) thrown at [C:\src\AOSP-openjdk-git\hotspot\src\share\vm\prims\jni.cpp, line 710]
Event: 374.548 Thread 0x000000001e195000 Exception <a 'sun/nio/fs/WindowsException'> (0x00000000d895c698) thrown at [C:\src\AOSP-openjdk-git\hotspot\src\share\vm\prims\jni.cpp, line 710]
Event: 374.598 Thread 0x000000001e195000 Exception <a 'sun/nio/fs/WindowsException'> (0x00000000d895df38) thrown at [C:\src\AOSP-openjdk-git\hotspot\src\share\vm\prims\jni.cpp, line 710]
Event: 429.835 Thread 0x000000001e8a6000 Exception <a 'sun/nio/fs/WindowsException'> (0x00000000daae5370) thrown at [C:\src\AOSP-openjdk-git\hotspot\src\share\vm\prims\jni.cpp, line 710]

Events (10 events):
Event: 462.825 Thread 0x000000001e8a6000 DEOPT UNPACKING pc=0x00000000027b557b sp=0x0000000021f29ec8 mode 2
Event: 462.950 Thread 0x00000000173aa800 flushing nmethod 0x0000000003ad6ed0
Event: 463.015 Thread 0x00000000173aa800 flushing nmethod 0x0000000003add5d0
Event: 463.015 Thread 0x00000000173aa800 flushing nmethod 0x0000000003ade310
Event: 463.015 Thread 0x00000000173aa800 flushing nmethod 0x0000000003ae0110
Event: 463.054 Thread 0x00000000173aa800 flushing nmethod 0x0000000003ae4ed0
Event: 463.190 Thread 0x00000000173aa800 flushing nmethod 0x0000000003af4f50
Event: 463.596 Thread 0x00000000173aa800 flushing nmethod 0x0000000003b2d5d0
Event: 463.936 Thread 0x00000000173aa800 flushing nmethod 0x0000000003b60550
Event: 463.937 Thread 0x00000000173aa800 flushing nmethod 0x0000000003b60990


Dynamic libraries:
0x00007ff772fc0000 - 0x00007ff772ff1000 	C:\Program Files\Android\Android Studio1\jre\bin\java.exe
0x00007ffda1670000 - 0x00007ffda1865000 	C:\WINDOWS\SYSTEM32\ntdll.dll
0x00007ffd9ffd0000 - 0x00007ffda008d000 	C:\WINDOWS\System32\KERNEL32.DLL
0x00007ffd9f190000 - 0x00007ffd9f459000 	C:\WINDOWS\System32\KERNELBASE.dll
0x00007ffd9ff10000 - 0x00007ffd9ffbc000 	C:\WINDOWS\System32\ADVAPI32.dll
0x00007ffda13f0000 - 0x00007ffda148e000 	C:\WINDOWS\System32\msvcrt.dll
0x00007ffda01b0000 - 0x00007ffda024c000 	C:\WINDOWS\System32\sechost.dll
0x00007ffd9f860000 - 0x00007ffd9f98b000 	C:\WINDOWS\System32\RPCRT4.dll
0x00007ffda10a0000 - 0x00007ffda1240000 	C:\WINDOWS\System32\USER32.dll
0x00007ffd9f6a0000 - 0x00007ffd9f6c2000 	C:\WINDOWS\System32\win32u.dll
0x00007ffda0a10000 - 0x00007ffda0a3a000 	C:\WINDOWS\System32\GDI32.dll
0x00007ffd9f510000 - 0x00007ffd9f61b000 	C:\WINDOWS\System32\gdi32full.dll
0x00007ffd9ef10000 - 0x00007ffd9efad000 	C:\WINDOWS\System32\msvcp_win.dll
0x00007ffd9edb0000 - 0x00007ffd9eeb0000 	C:\WINDOWS\System32\ucrtbase.dll
0x00007ffd80260000 - 0x00007ffd804fa000 	C:\WINDOWS\WinSxS\amd64_microsoft.windows.common-controls_6595b64144ccf1df_6.0.19041.844_none_ca00b6081b84eb1d\COMCTL32.dll
0x00007ffda1070000 - 0x00007ffda10a0000 	C:\WINDOWS\System32\IMM32.DLL
0x00000000630b0000 - 0x0000000063182000 	C:\Program Files\Android\Android Studio1\jre\jre\bin\msvcr100.dll
0x0000000063270000 - 0x0000000063abb000 	C:\Program Files\Android\Android Studio1\jre\jre\bin\server\jvm.dll
0x00007ffda1510000 - 0x00007ffda1518000 	C:\WINDOWS\System32\PSAPI.DLL
0x00007ffd86ed0000 - 0x00007ffd86ef7000 	C:\WINDOWS\SYSTEM32\WINMM.dll
0x00007ffd84050000 - 0x00007ffd84059000 	C:\WINDOWS\SYSTEM32\WSOCK32.dll
0x00007ffd94bd0000 - 0x00007ffd94bda000 	C:\WINDOWS\SYSTEM32\VERSION.dll
0x00007ffda0250000 - 0x00007ffda02bb000 	C:\WINDOWS\System32\WS2_32.dll
0x00007ffd956a0000 - 0x00007ffd956af000 	C:\Program Files\Android\Android Studio1\jre\jre\bin\verify.dll
0x00007ffd95670000 - 0x00007ffd95699000 	C:\Program Files\Android\Android Studio1\jre\jre\bin\java.dll
0x00007ffd93b70000 - 0x00007ffd93b86000 	C:\Program Files\Android\Android Studio1\jre\jre\bin\zip.dll
0x00007ffda02c0000 - 0x00007ffda0a02000 	C:\WINDOWS\System32\SHELL32.dll
0x00007ffd9cc40000 - 0x00007ffd9d3d0000 	C:\WINDOWS\SYSTEM32\windows.storage.dll
0x00007ffd9fbb0000 - 0x00007ffd9ff05000 	C:\WINDOWS\System32\combase.dll
0x00007ffd9e750000 - 0x00007ffd9e77c000 	C:\WINDOWS\SYSTEM32\Wldp.dll
0x00007ffda1520000 - 0x00007ffda15ce000 	C:\WINDOWS\System32\SHCORE.dll
0x00007ffda15d0000 - 0x00007ffda1625000 	C:\WINDOWS\System32\shlwapi.dll
0x00007ffd9ecf0000 - 0x00007ffd9ed0f000 	C:\WINDOWS\SYSTEM32\profapi.dll
0x00007ffd93780000 - 0x00007ffd9379a000 	C:\Program Files\Android\Android Studio1\jre\jre\bin\net.dll
0x00007ffd9e4d0000 - 0x00007ffd9e53a000 	C:\WINDOWS\system32\mswsock.dll
0x00007ffd93760000 - 0x00007ffd93773000 	C:\Program Files\Android\Android Studio1\jre\jre\bin\nio.dll
0x00007ffd91fb0000 - 0x00007ffd91fd7000 	C:\Users\sunpe\.gradle\native\f6784746aeab05261644944871eae4fe03e0ef1612fff0a4a95f87b438bc6780\windows-amd64\native-platform.dll
0x00007ffd952c0000 - 0x00007ffd952cd000 	C:\Program Files\Android\Android Studio1\jre\jre\bin\management.dll
0x00007ffd9e6a0000 - 0x00007ffd9e6b8000 	C:\WINDOWS\SYSTEM32\CRYPTSP.dll
0x00007ffd9de70000 - 0x00007ffd9dea4000 	C:\WINDOWS\system32\rsaenh.dll
0x00007ffd9f670000 - 0x00007ffd9f697000 	C:\WINDOWS\System32\bcrypt.dll
0x00007ffd9ec70000 - 0x00007ffd9ec9e000 	C:\WINDOWS\SYSTEM32\USERENV.dll
0x00007ffd9efb0000 - 0x00007ffd9f030000 	C:\WINDOWS\System32\bcryptprimitives.dll
0x00007ffd9e6c0000 - 0x00007ffd9e6cc000 	C:\WINDOWS\SYSTEM32\CRYPTBASE.dll
0x00007ffd9e1c0000 - 0x00007ffd9e1fb000 	C:\WINDOWS\SYSTEM32\IPHLPAPI.DLL
0x00007ffd9f9f0000 - 0x00007ffd9f9f8000 	C:\WINDOWS\System32\NSI.dll
0x00007ffd9c3d0000 - 0x00007ffd9c3e7000 	C:\WINDOWS\SYSTEM32\dhcpcsvc6.DLL
0x00007ffd9c3b0000 - 0x00007ffd9c3cd000 	C:\WINDOWS\SYSTEM32\dhcpcsvc.DLL
0x00007ffd9e200000 - 0x00007ffd9e2cb000 	C:\WINDOWS\SYSTEM32\DNSAPI.dll
0x00007ffd92dc0000 - 0x00007ffd92dcb000 	C:\WINDOWS\SYSTEM32\WINNSI.DLL

VM Arguments:
jvm_args: -Xmx2048m -Dfile.encoding=UTF-8 -Duser.country=AU -Duser.language=en -Duser.variant 
java_command: org.gradle.launcher.daemon.bootstrap.GradleDaemon 6.5
java_class_path (initial): C:\Users\sunpe\.gradle\wrapper\dists\gradle-6.5-all\2oz4ud9k3tuxjg84bbf55q0tn\gradle-6.5\lib\gradle-launcher-6.5.jar
Launcher Type: SUN_STANDARD

Environment Variables:
PATH=C:\WINDOWS\system32;C:\WINDOWS;C:\WINDOWS\System32\Wbem;C:\WINDOWS\System32\WindowsPowerShell\v1.0\;C:\WINDOWS\System32\OpenSSH\;C:\Program Files\Intel\WiFi\bin\;C:\Program Files\Common Files\Intel\WirelessCommon\;C:\Program Files\dotnet\;C:\Program Files\Git\cmd;C:\Users\sunpe\AppData\Local\Microsoft\WindowsApps;;C:\Users\sunpe\AppData\Local\Programs\Microsoft VS Code\bin;C:\Users\sunpe\.dotnet\tools
USERNAME=sunpe
OS=Windows_NT
PROCESSOR_IDENTIFIER=Intel64 Family 6 Model 142 Stepping 11, GenuineIntel



---------------  S Y S T E M  ---------------

OS: Windows 10.0 , 64 bit Build 19041 (10.0.19041.804)

CPU:total 4 (initial active 4) (2 cores per cpu, 2 threads per core) family 6 model 142 stepping 11, cmov, cx8, fxsr, mmx, sse, sse2, sse3, ssse3, sse4.1, sse4.2, popcnt, avx, avx2, aes, clmul, erms, 3dnowpref, lzcnt, ht, tsc, tscinvbit, bmi1, bmi2, adx

Memory: 4k page, physical 4079924k(19312k free), swap 16662836k(4520k free)

vm_info: OpenJDK 64-Bit Server VM (25.242-b01) for windows-amd64 JRE (1.8.0_242-release-1644-b01), built by "builder" with MS VC++ 10.0 (VS2010)

time: Mon Mar 22 19:01:10 2021
timezone: Cen. Australia Summer Time
elapsed time: 468 seconds (0d 0h 7m 48s)

