#
# There is insufficient memory for the Java Runtime Environment to continue.
# Native memory allocation (malloc) failed to allocate 136976 bytes for Chunk::new
# Possible reasons:
#   The system is out of physical RAM or swap space
#   The process is running with CompressedOops enabled, and the Java Heap may be blocking the growth of the native heap
# Possible solutions:
#   Reduce memory load on the system
#   Increase physical memory or swap space
#   Check if swap backing store is full
#   Decrease Java heap size (-Xmx/-Xms)
#   Decrease number of Java threads
#   Set larger code cache with -XX:ReservedCodeCacheSize=
#   JVM is running with Unscaled Compressed Oops mode in which the Java heap is
#     placed in the first 4GB address space. The Java Heap base address is the
#     maximum limit for the native heap growth. Please use -XX:HeapBaseMinAddress
#     to set the Java Heap base and to place the Java Heap above 4GB virtual address.
# This output file may be truncated or incomplete.
#
#  Out of Memory Error (allocation.cpp:389), pid=1226796, tid=0x000000000012bb6c
#
# JRE version: OpenJDK Runtime Environment (8.0_242-b01) (build 1.8.0_242-release-1644-b01)
# Java VM: OpenJDK 64-Bit Server VM (25.242-b01 mixed mode windows-amd64 compressed oops)
# Failed to write core dump. Minidumps are not enabled by default on client versions of Windows
#

---------------  T H R E A D  ---------------

Current thread (0x000000001780d000):  JavaThread "C2 CompilerThread1" daemon [_thread_in_native, id=1227628, stack(0x0000000019300000,0x0000000019400000)]

Stack: [0x0000000019300000,0x0000000019400000]
[error occurred during error reporting (printing stack bounds), id 0xc0000005]

Native frames: (J=compiled Java code, j=interpreted, Vv=VM code, C=native code)


Current CompileTask:
C2:  17249 3531   !   4       sun.nio.fs.WindowsPath::initOffsets (153 bytes)


---------------  P R O C E S S  ---------------

Java Threads: ( => current thread )
  0x0000000019a64800 JavaThread "jar transforms Thread 16" [_thread_in_vm, id=1221880, stack(0x0000000023530000,0x0000000023630000)]
  0x0000000019a63800 JavaThread "jar transforms Thread 15" [_thread_blocked, id=1151516, stack(0x0000000023430000,0x0000000023530000)]
  0x000000001a2f7000 JavaThread "jar transforms Thread 14" [_thread_blocked, id=1227328, stack(0x0000000023330000,0x0000000023430000)]
  0x000000001a2f6800 JavaThread "jar transforms Thread 13" [_thread_blocked, id=1227500, stack(0x0000000023230000,0x0000000023330000)]
  0x000000001a2f9800 JavaThread "jar transforms Thread 12" [_thread_blocked, id=1225844, stack(0x0000000023130000,0x0000000023230000)]
  0x000000001a2f8800 JavaThread "jar transforms Thread 11" [_thread_blocked, id=1226692, stack(0x0000000022f30000,0x0000000023030000)]
  0x000000001a2f8000 JavaThread "jar transforms Thread 10" [_thread_blocked, id=1214688, stack(0x0000000022e30000,0x0000000022f30000)]
  0x000000001a2fa000 JavaThread "jar transforms Thread 9" [_thread_blocked, id=1141644, stack(0x0000000022d30000,0x0000000022e30000)]
  0x000000001a2f5800 JavaThread "jar transforms Thread 8" [_thread_blocked, id=1225852, stack(0x0000000022c30000,0x0000000022d30000)]
  0x000000001a2ee000 JavaThread "jar transforms Thread 7" [_thread_blocked, id=1226208, stack(0x0000000022b30000,0x0000000022c30000)]
  0x000000001a2f5000 JavaThread "jar transforms Thread 6" [_thread_blocked, id=1227444, stack(0x0000000022a30000,0x0000000022b30000)]
  0x000000001a2ed800 JavaThread "jar transforms Thread 5" [_thread_blocked, id=1227736, stack(0x0000000022930000,0x0000000022a30000)]
  0x000000001a2f4000 JavaThread "jar transforms Thread 4" [_thread_blocked, id=1226524, stack(0x0000000022830000,0x0000000022930000)]
  0x000000001a2ef000 JavaThread "jar transforms Thread 3" [_thread_blocked, id=1224316, stack(0x0000000022730000,0x0000000022830000)]
  0x000000001a2ec800 JavaThread "jar transforms Thread 2" [_thread_blocked, id=1226804, stack(0x0000000022630000,0x0000000022730000)]
  0x000000001a2f3800 JavaThread "Build operations Thread 4" [_thread_blocked, id=1227448, stack(0x0000000022530000,0x0000000022630000)]
  0x000000001a2f0800 JavaThread "Build operations Thread 3" [_thread_blocked, id=1227516, stack(0x0000000022430000,0x0000000022530000)]
  0x000000001a2f2800 JavaThread "Build operations Thread 2" [_thread_blocked, id=1226944, stack(0x0000000022330000,0x0000000022430000)]
  0x000000001a2eb000 JavaThread "Build operations" [_thread_blocked, id=1227604, stack(0x0000000022230000,0x0000000022330000)]
  0x000000001a2ec000 JavaThread "Cache worker for file content cache (C:\Users\sunpe\.gradle\caches\6.5\fileContent)" [_thread_blocked, id=1223248, stack(0x0000000021b30000,0x0000000021c30000)]
  0x0000000019075000 JavaThread "jar transforms" [_thread_blocked, id=1224668, stack(0x0000000021a30000,0x0000000021b30000)]
  0x0000000019073800 JavaThread "Cache worker for execution history cache (C:\Users\sunpe\.gradle\caches\6.5\executionHistory)" [_thread_blocked, id=1222668, stack(0x0000000021330000,0x0000000021430000)]
  0x0000000019072800 JavaThread "Cache worker for cache directory md-rule (C:\Users\sunpe\.gradle\caches\6.5\md-rule)" [_thread_blocked, id=1218244, stack(0x0000000020190000,0x0000000020290000)]
  0x0000000019078000 JavaThread "Cache worker for cache directory md-supplier (C:\Users\sunpe\.gradle\caches\6.5\md-supplier)" [_thread_blocked, id=1222388, stack(0x000000001fe20000,0x000000001ff20000)]
  0x0000000019072000 JavaThread "Cache worker for checksums cache (C:\Users\sunpe\AndroidStudioProjects\MyApplication2\.gradle\checksums)" [_thread_blocked, id=1226972, stack(0x000000001fd20000,0x000000001fe20000)]
  0x0000000019078800 JavaThread "Cache worker for file hash cache (C:\Users\sunpe\AndroidStudioProjects\MyApplication2\.gradle\6.5\fileHashes)" [_thread_blocked, id=1225772, stack(0x000000001fa20000,0x000000001fb20000)]
  0x0000000019077000 JavaThread "Cache worker for file hash cache (C:\Users\sunpe\.gradle\caches\6.5\fileHashes)" [_thread_blocked, id=1227476, stack(0x000000001f720000,0x000000001f820000)]
  0x0000000019076800 JavaThread "File lock request listener" [_thread_in_native, id=1224716, stack(0x000000001e4f0000,0x000000001e5f0000)]
  0x0000000019075800 JavaThread "Cache worker for journal cache (C:\Users\sunpe\.gradle\caches\journal-1)" [_thread_blocked, id=1226876, stack(0x000000001e650000,0x000000001e750000)]
  0x000000001a455800 JavaThread "Thread-9" [_thread_blocked, id=1201468, stack(0x000000001d220000,0x000000001d320000)]
  0x000000001a039800 JavaThread "Stdin handler" [_thread_blocked, id=1220472, stack(0x000000001d120000,0x000000001d220000)]
  0x000000001a039000 JavaThread "Asynchronous log dispatcher for DefaultDaemonConnection: socket connection from /127.0.0.1:61737 to /127.0.0.1:61738" [_thread_blocked, id=1227192, stack(0x000000001d020000,0x000000001d120000)]
  0x000000001a045800 JavaThread "Daemon worker" [_thread_in_Java, id=1227720, stack(0x000000001cf20000,0x000000001d020000)]
  0x0000000019161800 JavaThread "Cancel handler" [_thread_blocked, id=1201992, stack(0x000000001ce20000,0x000000001cf20000)]
  0x0000000019155000 JavaThread "Handler for socket connection from /127.0.0.1:61737 to /127.0.0.1:61738" [_thread_in_native, id=1227504, stack(0x000000001cd20000,0x000000001ce20000)]
  0x0000000019132800 JavaThread "Daemon" [_thread_blocked, id=1215348, stack(0x000000001cc20000,0x000000001cd20000)]
  0x0000000019130800 JavaThread "Daemon periodic checks" [_thread_blocked, id=1227204, stack(0x000000001c920000,0x000000001ca20000)]
  0x000000001af7c800 JavaThread "Incoming local TCP Connector on port 61737" [_thread_in_native, id=1227120, stack(0x000000001c6e0000,0x000000001c7e0000)]
  0x000000001aebe000 JavaThread "Daemon health stats" [_thread_blocked, id=1226724, stack(0x000000001c0a0000,0x000000001c1a0000)]
  0x0000000018f0f000 JavaThread "Service Thread" daemon [_thread_blocked, id=1226992, stack(0x0000000019500000,0x0000000019600000)]
  0x000000001780e800 JavaThread "C1 CompilerThread2" daemon [_thread_blocked, id=1227620, stack(0x0000000019400000,0x0000000019500000)]
=>0x000000001780d000 JavaThread "C2 CompilerThread1" daemon [_thread_in_native, id=1227628, stack(0x0000000019300000,0x0000000019400000)]
  0x00000000177b7800 JavaThread "C2 CompilerThread0" daemon [_thread_in_native, id=1226496, stack(0x0000000018e00000,0x0000000018f00000)]
  0x00000000177b3800 JavaThread "Attach Listener" daemon [_thread_blocked, id=1225840, stack(0x0000000018d00000,0x0000000018e00000)]
  0x00000000177b2800 JavaThread "Signal Dispatcher" daemon [_thread_blocked, id=1207684, stack(0x0000000018c00000,0x0000000018d00000)]
  0x0000000002b8c800 JavaThread "Finalizer" daemon [_thread_blocked, id=1226656, stack(0x0000000018a00000,0x0000000018b00000)]
  0x0000000002b82800 JavaThread "Reference Handler" daemon [_thread_blocked, id=1225952, stack(0x0000000018900000,0x0000000018a00000)]
  0x000000000298d800 JavaThread "main" [_thread_blocked, id=1227288, stack(0x0000000002990000,0x0000000002a90000)]

Other Threads:
  0x0000000017777000 VMThread [stack: 0x0000000018800000,0x0000000018900000] [id=1227092]
  0x0000000018f04000 WatcherThread [stack: 0x0000000019600000,0x0000000019700000] [id=1226292]

VM state:not at safepoint (normal execution)

VM Mutex/Monitor currently owned by a thread: None

OutOfMemory and StackOverflow Exception counts:
OutOfMemoryError java_heap_errors=1

heap address: 0x0000000080000000, size: 2048 MB, Compressed Oops mode: 32-bit
Narrow klass base: 0x0000000000000000, Narrow klass shift: 3
Compressed class space size: 1073741824 Address: 0x0000000100000000

Heap:
 PSYoungGen      total 138240K, used 54745K [0x00000000d5580000, 0x00000000e0000000, 0x0000000100000000)
  eden space 128512K, 42% used [0x00000000d5580000,0x00000000d8af64e0,0x00000000dd300000)
  from space 9728K, 0% used [0x00000000ddc80000,0x00000000ddc80000,0x00000000de600000)
  to   space 9728K, 0% used [0x00000000dd300000,0x00000000dd300000,0x00000000ddc80000)
 ParOldGen       total 44544K, used 13445K [0x0000000080000000, 0x0000000082b80000, 0x00000000d5580000)
  object space 44544K, 30% used [0x0000000080000000,0x0000000080d21770,0x0000000082b80000)
 Metaspace       used 36344K, capacity 37728K, committed 37928K, reserved 1081344K
  class space    used 4995K, capacity 5315K, committed 5424K, reserved 1048576K

Card table byte_map: [0x0000000011f50000,0x0000000012360000] byte_map_base: 0x0000000011b50000

Marking Bits: (ParMarkBitMap*) 0x0000000063a3f030
 Begin Bits: [0x0000000012a10000, 0x0000000014a10000)
 End Bits:   [0x0000000014a10000, 0x0000000016a10000)

Polling page: 0x0000000001020000

CodeCache: size=245760Kb used=11402Kb max_used=11407Kb free=234357Kb
 bounds [0x0000000002b90000, 0x00000000036c0000, 0x0000000011b90000]
 total_blobs=3996 nmethods=3293 adapters=615
 compilation: enabled

Compilation events (10 events):
Event: 17.212 Thread 0x000000001780e800 nmethod 3527 0x00000000036b2290 code [0x00000000036b23e0, 0x00000000036b2550]
Event: 17.219 Thread 0x000000001780e800 3528       3       java.lang.ThreadLocal$ThreadLocalMap$Entry::<init> (11 bytes)
Event: 17.219 Thread 0x00000000177b7800 3529       4       java.lang.String::substring (56 bytes)
Event: 17.219 Thread 0x000000001780e800 nmethod 3528 0x00000000036b4f50 code [0x00000000036b50c0, 0x00000000036b5410]
Event: 17.220 Thread 0x000000001780e800 3530   !   3       org.gradle.internal.concurrent.ExecutorPolicy$CatchAndRecordFailures::onExecute (29 bytes)
Event: 17.221 Thread 0x000000001780e800 nmethod 3530 0x00000000036b5590 code [0x00000000036b58a0, 0x00000000036b7208]
Event: 17.222 Thread 0x000000001780d000 3531   !   4       sun.nio.fs.WindowsPath::initOffsets (153 bytes)
Event: 17.224 Thread 0x00000000177b7800 nmethod 3529 0x00000000036bb350 code [0x00000000036bb4c0, 0x00000000036bb878]
Event: 17.226 Thread 0x000000001780e800 3532       3       org.gradle.internal.snapshot.VfsRelativePath::hasPrefix (114 bytes)
Event: 17.227 Thread 0x000000001780e800 nmethod 3532 0x00000000036b9b50 code [0x00000000036b9d80, 0x00000000036bab38]

GC Heap History (10 events):
Event: 9.518 GC heap before
{Heap before GC invocations=10 (full 1):
 PSYoungGen      total 71680K, used 5696K [0x00000000d5580000, 0x00000000dc980000, 0x0000000100000000)
  eden space 64512K, 0% used [0x00000000d5580000,0x00000000d5580000,0x00000000d9480000)
  from space 7168K, 79% used [0x00000000d9480000,0x00000000d9a102f0,0x00000000d9b80000)
  to   space 7680K, 0% used [0x00000000dc200000,0x00000000dc200000,0x00000000dc980000)
 ParOldGen       total 44032K, used 6708K [0x0000000080000000, 0x0000000082b00000, 0x00000000d5580000)
  object space 44032K, 15% used [0x0000000080000000,0x000000008068d048,0x0000000082b00000)
 Metaspace       used 20590K, capacity 21224K, committed 21296K, reserved 1067008K
  class space    used 2873K, capacity 3076K, committed 3120K, reserved 1048576K
Event: 9.595 GC heap after
Heap after GC invocations=10 (full 1):
 PSYoungGen      total 71680K, used 0K [0x00000000d5580000, 0x00000000dc980000, 0x0000000100000000)
  eden space 64512K, 0% used [0x00000000d5580000,0x00000000d5580000,0x00000000d9480000)
  from space 7168K, 0% used [0x00000000d9480000,0x00000000d9480000,0x00000000d9b80000)
  to   space 7680K, 0% used [0x00000000dc200000,0x00000000dc200000,0x00000000dc980000)
 ParOldGen       total 33792K, used 9318K [0x0000000080000000, 0x0000000082100000, 0x00000000d5580000)
  object space 33792K, 27% used [0x0000000080000000,0x00000000809198f0,0x0000000082100000)
 Metaspace       used 20590K, capacity 21224K, committed 21296K, reserved 1067008K
  class space    used 2873K, capacity 3076K, committed 3120K, reserved 1048576K
}
Event: 11.300 GC heap before
{Heap before GC invocations=11 (full 1):
 PSYoungGen      total 71680K, used 64512K [0x00000000d5580000, 0x00000000dc980000, 0x0000000100000000)
  eden space 64512K, 100% used [0x00000000d5580000,0x00000000d9480000,0x00000000d9480000)
  from space 7168K, 0% used [0x00000000d9480000,0x00000000d9480000,0x00000000d9b80000)
  to   space 7680K, 0% used [0x00000000dc200000,0x00000000dc200000,0x00000000dc980000)
 ParOldGen       total 33792K, used 9318K [0x0000000080000000, 0x0000000082100000, 0x00000000d5580000)
  object space 33792K, 27% used [0x0000000080000000,0x00000000809198f0,0x0000000082100000)
 Metaspace       used 28559K, capacity 29380K, committed 29616K, reserved 1075200K
  class space    used 3953K, capacity 4188K, committed 4272K, reserved 1048576K
Event: 11.338 GC heap after
Heap after GC invocations=11 (full 1):
 PSYoungGen      total 99328K, used 7657K [0x00000000d5580000, 0x00000000dc980000, 0x0000000100000000)
  eden space 91648K, 0% used [0x00000000d5580000,0x00000000d5580000,0x00000000daf00000)
  from space 7680K, 99% used [0x00000000dc200000,0x00000000dc97a640,0x00000000dc980000)
  to   space 8704K, 0% used [0x00000000db880000,0x00000000db880000,0x00000000dc100000)
 ParOldGen       total 33792K, used 9764K [0x0000000080000000, 0x0000000082100000, 0x00000000d5580000)
  object space 33792K, 28% used [0x0000000080000000,0x00000000809893f0,0x0000000082100000)
 Metaspace       used 28559K, capacity 29380K, committed 29616K, reserved 1075200K
  class space    used 3953K, capacity 4188K, committed 4272K, reserved 1048576K
}
Event: 13.828 GC heap before
{Heap before GC invocations=12 (full 1):
 PSYoungGen      total 99328K, used 99305K [0x00000000d5580000, 0x00000000dc980000, 0x0000000100000000)
  eden space 91648K, 100% used [0x00000000d5580000,0x00000000daf00000,0x00000000daf00000)
  from space 7680K, 99% used [0x00000000dc200000,0x00000000dc97a640,0x00000000dc980000)
  to   space 8704K, 0% used [0x00000000db880000,0x00000000db880000,0x00000000dc100000)
 ParOldGen       total 33792K, used 9764K [0x0000000080000000, 0x0000000082100000, 0x00000000d5580000)
  object space 33792K, 28% used [0x0000000080000000,0x00000000809893f0,0x0000000082100000)
 Metaspace       used 34141K, capacity 35252K, committed 35496K, reserved 1079296K
  class space    used 4698K, capacity 4969K, committed 5040K, reserved 1048576K
Event: 13.856 GC heap after
Heap after GC invocations=12 (full 1):
 PSYoungGen      total 110080K, used 7892K [0x00000000d5580000, 0x00000000de600000, 0x0000000100000000)
  eden space 101376K, 0% used [0x00000000d5580000,0x00000000d5580000,0x00000000db880000)
  from space 8704K, 90% used [0x00000000db880000,0x00000000dc0352f8,0x00000000dc100000)
  to   space 9728K, 0% used [0x00000000ddc80000,0x00000000ddc80000,0x00000000de600000)
 ParOldGen       total 33792K, used 12876K [0x0000000080000000, 0x0000000082100000, 0x00000000d5580000)
  object space 33792K, 38% used [0x0000000080000000,0x0000000080c93270,0x0000000082100000)
 Metaspace       used 34141K, capacity 35252K, committed 35496K, reserved 1079296K
  class space    used 4698K, capacity 4969K, committed 5040K, reserved 1048576K
}
Event: 13.899 GC heap before
{Heap before GC invocations=13 (full 1):
 PSYoungGen      total 110080K, used 13539K [0x00000000d5580000, 0x00000000de600000, 0x0000000100000000)
  eden space 101376K, 5% used [0x00000000d5580000,0x00000000d5b03af8,0x00000000db880000)
  from space 8704K, 90% used [0x00000000db880000,0x00000000dc0352f8,0x00000000dc100000)
  to   space 9728K, 0% used [0x00000000ddc80000,0x00000000ddc80000,0x00000000de600000)
 ParOldGen       total 33792K, used 12876K [0x0000000080000000, 0x0000000082100000, 0x00000000d5580000)
  object space 33792K, 38% used [0x0000000080000000,0x0000000080c93270,0x0000000082100000)
 Metaspace       used 34310K, capacity 35414K, committed 35496K, reserved 1079296K
  class space    used 4720K, capacity 5002K, committed 5040K, reserved 1048576K
Event: 13.910 GC heap after
Heap after GC invocations=13 (full 1):
 PSYoungGen      total 138240K, used 373K [0x00000000d5580000, 0x00000000e0000000, 0x0000000100000000)
  eden space 128512K, 0% used [0x00000000d5580000,0x00000000d5580000,0x00000000dd300000)
  from space 9728K, 3% used [0x00000000ddc80000,0x00000000ddcdd520,0x00000000de600000)
  to   space 9728K, 0% used [0x00000000dd300000,0x00000000dd300000,0x00000000ddc80000)
 ParOldGen       total 33792K, used 16482K [0x0000000080000000, 0x0000000082100000, 0x00000000d5580000)
  object space 33792K, 48% used [0x0000000080000000,0x00000000810188f0,0x0000000082100000)
 Metaspace       used 34310K, capacity 35414K, committed 35496K, reserved 1079296K
  class space    used 4720K, capacity 5002K, committed 5040K, reserved 1048576K
}
Event: 13.910 GC heap before
{Heap before GC invocations=14 (full 2):
 PSYoungGen      total 138240K, used 373K [0x00000000d5580000, 0x00000000e0000000, 0x0000000100000000)
  eden space 128512K, 0% used [0x00000000d5580000,0x00000000d5580000,0x00000000dd300000)
  from space 9728K, 3% used [0x00000000ddc80000,0x00000000ddcdd520,0x00000000de600000)
  to   space 9728K, 0% used [0x00000000dd300000,0x00000000dd300000,0x00000000ddc80000)
 ParOldGen       total 33792K, used 16482K [0x0000000080000000, 0x0000000082100000, 0x00000000d5580000)
  object space 33792K, 48% used [0x0000000080000000,0x00000000810188f0,0x0000000082100000)
 Metaspace       used 34310K, capacity 35414K, committed 35496K, reserved 1079296K
  class space    used 4720K, capacity 5002K, committed 5040K, reserved 1048576K
Event: 14.017 GC heap after
Heap after GC invocations=14 (full 2):
 PSYoungGen      total 138240K, used 0K [0x00000000d5580000, 0x00000000e0000000, 0x0000000100000000)
  eden space 128512K, 0% used [0x00000000d5580000,0x00000000d5580000,0x00000000dd300000)
  from space 9728K, 0% used [0x00000000ddc80000,0x00000000ddc80000,0x00000000de600000)
  to   space 9728K, 0% used [0x00000000dd300000,0x00000000dd300000,0x00000000ddc80000)
 ParOldGen       total 44544K, used 13445K [0x0000000080000000, 0x0000000082b80000, 0x00000000d5580000)
  object space 44544K, 30% used [0x0000000080000000,0x0000000080d21770,0x0000000082b80000)
 Metaspace       used 34310K, capacity 35414K, committed 35496K, reserved 1079296K
  class space    used 4720K, capacity 5002K, committed 5040K, reserved 1048576K
}

Deoptimization events (10 events):
Event: 12.716 Thread 0x000000001a045800 Uncommon trap: reason=bimorphic action=maybe_recompile pc=0x00000000034c7a40 method=org.codehaus.groovy.runtime.metaclass.MetaMethodIndex.addMethodToList(Ljava/lang/Object;Lgroovy/lang/MetaMethod;)Ljava/lang/Object; @ 130
Event: 12.716 Thread 0x000000001a045800 Uncommon trap: reason=class_check action=maybe_recompile pc=0x00000000034c7a5c method=org.codehaus.groovy.runtime.metaclass.MetaMethodIndex.addMethodToList(Ljava/lang/Object;Lgroovy/lang/MetaMethod;)Ljava/lang/Object; @ 240
Event: 12.716 Thread 0x000000001a045800 Uncommon trap: reason=class_check action=maybe_recompile pc=0x00000000034c7a5c method=org.codehaus.groovy.runtime.metaclass.MetaMethodIndex.addMethodToList(Ljava/lang/Object;Lgroovy/lang/MetaMethod;)Ljava/lang/Object; @ 240
Event: 12.716 Thread 0x000000001a045800 Uncommon trap: reason=class_check action=maybe_recompile pc=0x00000000034c7a5c method=org.codehaus.groovy.runtime.metaclass.MetaMethodIndex.addMethodToList(Ljava/lang/Object;Lgroovy/lang/MetaMethod;)Ljava/lang/Object; @ 240
Event: 12.716 Thread 0x000000001a045800 Uncommon trap: reason=class_check action=maybe_recompile pc=0x00000000034c7a5c method=org.codehaus.groovy.runtime.metaclass.MetaMethodIndex.addMethodToList(Ljava/lang/Object;Lgroovy/lang/MetaMethod;)Ljava/lang/Object; @ 240
Event: 12.803 Thread 0x000000001a045800 Uncommon trap: reason=unstable_if action=reinterpret pc=0x00000000034d55f8 method=org.codehaus.groovy.runtime.metaclass.MetaMethodIndex.addMethodToList(Ljava/lang/Object;Lgroovy/lang/MetaMethod;)Ljava/lang/Object; @ 226
Event: 12.870 Thread 0x000000001a045800 Uncommon trap: reason=class_check action=maybe_recompile pc=0x000000000330deb4 method=java.util.WeakHashMap.eq(Ljava/lang/Object;Ljava/lang/Object;)Z @ 7
Event: 12.940 Thread 0x000000001a045800 Uncommon trap: reason=range_check action=make_not_entrant pc=0x000000000347e5b0 method=java.lang.String.charAt(I)C @ 27
Event: 16.501 Thread 0x000000001a045800 Uncommon trap: reason=unstable_if action=reinterpret pc=0x0000000002f76fb4 method=java.lang.String.lastIndexOf([CII[CIII)I @ 118
Event: 16.621 Thread 0x000000001a045800 Uncommon trap: reason=unstable_if action=reinterpret pc=0x000000000364a61c method=com.esotericsoftware.kryo.io.Input.readUtf8Length(I)I @ 9

Classes redefined (0 events):
No events

Internal exceptions (10 events):
Event: 13.506 Thread 0x000000001a045800 Exception <a 'java/lang/ClassNotFoundException': org/gradle/api/internal/artifacts/dsl/dependencies/DefaultDependencyHandlerBeanInfo> (0x00000000da02df50) thrown at [C:\src\AOSP-openjdk-git\hotspot\src\share\vm\classfile\systemDictionary.cpp, line 210]
Event: 13.509 Thread 0x000000001a045800 Exception <a 'java/lang/ClassNotFoundException': org/gradle/api/internal/artifacts/dsl/dependencies/DefaultDependencyHandlerCustomizer> (0x00000000da087c08) thrown at [C:\src\AOSP-openjdk-git\hotspot\src\share\vm\classfile\systemDictionary.cpp, line 210]
Event: 13.531 Thread 0x000000001a045800 Exception <a 'java/lang/ClassNotFoundException': org/gradle/api/internal/artifacts/dsl/dependencies/DefaultDependencyHandler_DecoratedCustomizer> (0x00000000da1128f0) thrown at [C:\src\AOSP-openjdk-git\hotspot\src\share\vm\classfile\systemDictionary.cpp, 
Event: 13.734 Thread 0x000000001a045800 Exception <a 'java/lang/NoSuchMethodError': java.lang.Object.lambda$static$0(Lorg/gradle/api/internal/artifacts/configurations/MutationValidator$MutationType;)V> (0x00000000da81ef20) thrown at [C:\src\AOSP-openjdk-git\hotspot\src\share\vm\interpreter\link
Event: 14.067 Thread 0x000000001a045800 Exception <a 'java/lang/NoSuchMethodError': java.lang.Object.lambda$static$0(Lorg/gradle/internal/component/model/DependencyMetadata;)Lorg/gradle/api/internal/artifacts/ivyservice/dependencysubstitution/DependencySubstitutionApplicator$SubstitutionResult;
Event: 14.227 Thread 0x000000001a045800 Exception <a 'java/lang/IncompatibleClassChangeError': Found class java.lang.Object, but interface was expected> (0x00000000d5e5fde0) thrown at [C:\src\AOSP-openjdk-git\hotspot\src\share\vm\interpreter\linkResolver.cpp, line 653]
Event: 14.229 Thread 0x000000001a045800 Exception <a 'java/lang/NoSuchMethodError': java.lang.Object.lambda$thenComparing$36697e65$1(Ljava/util/Comparator;Ljava/lang/Object;Ljava/lang/Object;)I> (0x00000000d5e6b890) thrown at [C:\src\AOSP-openjdk-git\hotspot\src\share\vm\interpreter\linkResolve
Event: 14.533 Thread 0x000000001a045800 Exception <a 'java/lang/NoSuchMethodError': java.lang.Object.lambda$static$0()Z> (0x00000000d6a6f870) thrown at [C:\src\AOSP-openjdk-git\hotspot\src\share\vm\interpreter\linkResolver.cpp, line 620]
Event: 16.584 Thread 0x000000001a045800 Exception <a 'java/lang/NoSuchMethodError': java.lang.Object.lambda$static$0(Lorg/gradle/api/internal/artifacts/ivyservice/resolveengine/artifact/ArtifactVisitor;)V> (0x00000000d79ec638) thrown at [C:\src\AOSP-openjdk-git\hotspot\src\share\vm\interpreter\
Event: 17.237 Thread 0x000000001a045800 Exception <a 'java/lang/OutOfMemoryError': unable to create new native thread> (0x00000000d7e6de58) thrown at [C:\src\AOSP-openjdk-git\hotspot\src\share\vm\prims\jvm.cpp, line 3141]

Events (10 events):
Event: 17.185 Thread 0x000000001a2ee000 Thread added: 0x000000001a2ee000
Event: 17.189 Thread 0x000000001a2f5800 Thread added: 0x000000001a2f5800
Event: 17.194 Thread 0x000000001a2fa000 Thread added: 0x000000001a2fa000
Event: 17.199 Thread 0x000000001a2f8000 Thread added: 0x000000001a2f8000
Event: 17.201 Thread 0x000000001a2f8800 Thread added: 0x000000001a2f8800
Event: 17.203 Thread 0x000000001a2f9800 Thread added: 0x000000001a2f9800
Event: 17.214 Thread 0x000000001a2f6800 Thread added: 0x000000001a2f6800
Event: 17.216 Thread 0x000000001a2f7000 Thread added: 0x000000001a2f7000
Event: 17.217 Thread 0x0000000019a63800 Thread added: 0x0000000019a63800
Event: 17.226 Thread 0x0000000019a64800 Thread added: 0x0000000019a64800


Dynamic libraries:
0x00007ff7b7ea0000 - 0x00007ff7b7ed1000 	C:\Program Files\Android\Android Studio1\jre\bin\java.exe
0x00007ffda1670000 - 0x00007ffda1865000 	C:\WINDOWS\SYSTEM32\ntdll.dll
0x00007ffd9ffd0000 - 0x00007ffda008d000 	C:\WINDOWS\System32\KERNEL32.DLL
0x00007ffd9f190000 - 0x00007ffd9f459000 	C:\WINDOWS\System32\KERNELBASE.dll
0x00007ffd9ff10000 - 0x00007ffd9ffbc000 	C:\WINDOWS\System32\ADVAPI32.dll
0x00007ffda13f0000 - 0x00007ffda148e000 	C:\WINDOWS\System32\msvcrt.dll
0x00007ffda01b0000 - 0x00007ffda024c000 	C:\WINDOWS\System32\sechost.dll
0x00007ffd9f860000 - 0x00007ffd9f98b000 	C:\WINDOWS\System32\RPCRT4.dll
0x00007ffda10a0000 - 0x00007ffda1240000 	C:\WINDOWS\System32\USER32.dll
0x00007ffd9f6a0000 - 0x00007ffd9f6c2000 	C:\WINDOWS\System32\win32u.dll
0x00007ffda0a10000 - 0x00007ffda0a3a000 	C:\WINDOWS\System32\GDI32.dll
0x00007ffd9f510000 - 0x00007ffd9f61b000 	C:\WINDOWS\System32\gdi32full.dll
0x00007ffd9ef10000 - 0x00007ffd9efad000 	C:\WINDOWS\System32\msvcp_win.dll
0x00007ffd9edb0000 - 0x00007ffd9eeb0000 	C:\WINDOWS\System32\ucrtbase.dll
0x00007ffd80260000 - 0x00007ffd804fa000 	C:\WINDOWS\WinSxS\amd64_microsoft.windows.common-controls_6595b64144ccf1df_6.0.19041.844_none_ca00b6081b84eb1d\COMCTL32.dll
0x00007ffda1070000 - 0x00007ffda10a0000 	C:\WINDOWS\System32\IMM32.DLL
0x00000000630b0000 - 0x0000000063182000 	C:\Program Files\Android\Android Studio1\jre\jre\bin\msvcr100.dll
0x0000000063270000 - 0x0000000063abb000 	C:\Program Files\Android\Android Studio1\jre\jre\bin\server\jvm.dll
0x00007ffda1510000 - 0x00007ffda1518000 	C:\WINDOWS\System32\PSAPI.DLL
0x00007ffd84050000 - 0x00007ffd84059000 	C:\WINDOWS\SYSTEM32\WSOCK32.dll
0x00007ffda0250000 - 0x00007ffda02bb000 	C:\WINDOWS\System32\WS2_32.dll
0x00007ffd94bd0000 - 0x00007ffd94bda000 	C:\WINDOWS\SYSTEM32\VERSION.dll
0x00007ffd86ed0000 - 0x00007ffd86ef7000 	C:\WINDOWS\SYSTEM32\WINMM.dll
0x00007ffd956a0000 - 0x00007ffd956af000 	C:\Program Files\Android\Android Studio1\jre\jre\bin\verify.dll
0x00007ffd95670000 - 0x00007ffd95699000 	C:\Program Files\Android\Android Studio1\jre\jre\bin\java.dll
0x00007ffd93b70000 - 0x00007ffd93b86000 	C:\Program Files\Android\Android Studio1\jre\jre\bin\zip.dll
0x00007ffda02c0000 - 0x00007ffda0a02000 	C:\WINDOWS\System32\SHELL32.dll
0x00007ffd9cc40000 - 0x00007ffd9d3d0000 	C:\WINDOWS\SYSTEM32\windows.storage.dll
0x00007ffd9fbb0000 - 0x00007ffd9ff05000 	C:\WINDOWS\System32\combase.dll
0x00007ffd9e750000 - 0x00007ffd9e77c000 	C:\WINDOWS\SYSTEM32\Wldp.dll
0x00007ffda1520000 - 0x00007ffda15ce000 	C:\WINDOWS\System32\SHCORE.dll
0x00007ffda15d0000 - 0x00007ffda1625000 	C:\WINDOWS\System32\shlwapi.dll
0x00007ffd9ecf0000 - 0x00007ffd9ed0f000 	C:\WINDOWS\SYSTEM32\profapi.dll
0x00007ffd93780000 - 0x00007ffd9379a000 	C:\Program Files\Android\Android Studio1\jre\jre\bin\net.dll
0x00007ffd9e4d0000 - 0x00007ffd9e53a000 	C:\WINDOWS\system32\mswsock.dll
0x00007ffd93760000 - 0x00007ffd93773000 	C:\Program Files\Android\Android Studio1\jre\jre\bin\nio.dll
0x00007ffd91fb0000 - 0x00007ffd91fd7000 	C:\Users\sunpe\.gradle\native\f6784746aeab05261644944871eae4fe03e0ef1612fff0a4a95f87b438bc6780\windows-amd64\native-platform.dll
0x00007ffd952c0000 - 0x00007ffd952cd000 	C:\Program Files\Android\Android Studio1\jre\jre\bin\management.dll
0x00007ffd9e6a0000 - 0x00007ffd9e6b8000 	C:\WINDOWS\SYSTEM32\CRYPTSP.dll
0x00007ffd9de70000 - 0x00007ffd9dea4000 	C:\WINDOWS\system32\rsaenh.dll
0x00007ffd9f670000 - 0x00007ffd9f697000 	C:\WINDOWS\System32\bcrypt.dll
0x00007ffd9ec70000 - 0x00007ffd9ec9e000 	C:\WINDOWS\SYSTEM32\USERENV.dll
0x00007ffd9efb0000 - 0x00007ffd9f030000 	C:\WINDOWS\System32\bcryptprimitives.dll
0x00007ffd9e6c0000 - 0x00007ffd9e6cc000 	C:\WINDOWS\SYSTEM32\CRYPTBASE.dll
0x00007ffd9e1c0000 - 0x00007ffd9e1fb000 	C:\WINDOWS\SYSTEM32\IPHLPAPI.DLL
0x00007ffd9f9f0000 - 0x00007ffd9f9f8000 	C:\WINDOWS\System32\NSI.dll
0x00007ffd9c3d0000 - 0x00007ffd9c3e7000 	C:\WINDOWS\SYSTEM32\dhcpcsvc6.DLL
0x00007ffd9c3b0000 - 0x00007ffd9c3cd000 	C:\WINDOWS\SYSTEM32\dhcpcsvc.DLL
0x00007ffd9e200000 - 0x00007ffd9e2cb000 	C:\WINDOWS\SYSTEM32\DNSAPI.dll
0x00007ffd92dc0000 - 0x00007ffd92dcb000 	C:\WINDOWS\SYSTEM32\WINNSI.DLL

VM Arguments:
jvm_args: -Xmx2048m -Dfile.encoding=UTF-8 -Duser.country=AU -Duser.language=en -Duser.variant 
java_command: org.gradle.launcher.daemon.bootstrap.GradleDaemon 6.5
java_class_path (initial): C:\Users\sunpe\.gradle\wrapper\dists\gradle-6.5-all\2oz4ud9k3tuxjg84bbf55q0tn\gradle-6.5\lib\gradle-launcher-6.5.jar
Launcher Type: SUN_STANDARD

Environment Variables:
PATH=C:\WINDOWS\system32;C:\WINDOWS;C:\WINDOWS\System32\Wbem;C:\WINDOWS\System32\WindowsPowerShell\v1.0\;C:\WINDOWS\System32\OpenSSH\;C:\Program Files\Intel\WiFi\bin\;C:\Program Files\Common Files\Intel\WirelessCommon\;C:\Program Files\dotnet\;C:\Program Files\Git\cmd;C:\Users\sunpe\AppData\Local\Microsoft\WindowsApps;;C:\Users\sunpe\AppData\Local\Programs\Microsoft VS Code\bin;C:\Users\sunpe\.dotnet\tools
USERNAME=sunpe
OS=Windows_NT
PROCESSOR_IDENTIFIER=Intel64 Family 6 Model 142 Stepping 11, GenuineIntel



---------------  S Y S T E M  ---------------

OS: Windows 10.0 , 64 bit Build 19041 (10.0.19041.804)

CPU:total 4 (initial active 4) (2 cores per cpu, 2 threads per core) family 6 model 142 stepping 11, cmov, cx8, fxsr, mmx, sse, sse2, sse3, ssse3, sse4.1, sse4.2, popcnt, avx, avx2, aes, clmul, erms, 3dnowpref, lzcnt, ht, tsc, tscinvbit, bmi1, bmi2, adx

Memory: 4k page, physical 4079924k(47592k free), swap 16662440k(0k free)

vm_info: OpenJDK 64-Bit Server VM (25.242-b01) for windows-amd64 JRE (1.8.0_242-release-1644-b01), built by "builder" with MS VC++ 10.0 (VS2010)

time: Mon Mar 22 18:51:54 2021
timezone: Cen. Australia Summer Time
elapsed time: 17 seconds (0d 0h 0m 17s)

